Starting debug_demo.py
Importing Orchestrator...
Orchestrator imported.
Loading dotenv...
Dotenv loaded.
Calling asyncio.run(main())
Entering main()
Instantiating Orchestrator...
Orchestrator instantiated.
Calling orchestrator.setup()...
orchestrator.setup() complete.
Running scenario...
Scenario run initiated.
Shutting down...
Shutdown complete.
asyncio.run(main()) finished
Starting debug_demo.py
Importing Orchestrator...
Orchestrator imported.
Loading dotenv...
Dotenv loaded.
Calling asyncio.run(main())
Entering main()
Instantiating Orchestrator...
Orchestrator instantiated.
Calling orchestrator.setup()...
orchestrator.setup() complete.
Running scenario...
Scenario run initiated.
Shutting down...
Shutdown complete.
asyncio.run(main()) finished
